<?xml version="1.0" encoding="UTF-8"?>
<!-- Generated by org.testng.reporters.JUnitReportReporter -->
<testsuite hostname="DESKTOP-8F5TS63" failures="0" tests="1" name="com.swaglabsprj.testCases.TC_loginTest_001" time="3.662" errors="0" timestamp="2024-07-19T11:35:26 IST" skipped="0">
  <testcase classname="com.swaglabsprj.testCases.TC_loginTest_001" name="loginTest" time="3.662"/>
</testsuite> <!-- com.swaglabsprj.testCases.TC_loginTest_001 -->
